Removed Parameter Mfr:Samsung Electro-Mechanics from Part C300
Removed Parameter Mfr:Samsung Electro-Mechanics from Part C302
Removed Parameter Mfr:Samsung Electro-Mechanics from Part C303
Removed Parameter Mfr:Samsung Electro-Mechanics from Part C304
Removed Parameter Mfr:Samsung Electro-Mechanics from Part C305
Removed Parameter Mfr:Samsung Electro-Mechanics from Part C306
Removed Parameter Mfr:Samsung Electro-Mechanics from Part C307
Removed Parameter Mfr:Samsung Electro-Mechanics from Part C308
Removed Parameter Mfr:Samsung Electro-Mechanics from Part C309
Removed Parameter Mfr:Samsung Electro-Mechanics from Part C310
Removed Parameter Mfr:Samsung Electro-Mechanics from Part C311
Removed Parameter Mfr:Vishay Sprague from Part C301
Change Value of Parameter Manufacturer in Part C300 Old= New=Murata Electronics
Change Value of Parameter MPN in Part C300 Old= New=GCJ188R71E104KA12D
Change Value of Parameter Manufacturer in Part C302 Old= New=Murata Electronics
Change Value of Parameter MPN in Part C302 Old= New=GCJ188R71E104KA12D
Change Value of Parameter Manufacturer in Part C304 Old= New=Murata Electronics
Change Value of Parameter MPN in Part C304 Old= New=GCJ188R71E104KA12D
Change Value of Parameter Manufacturer in Part C306 Old= New=KYOCERA AVX
Change Value of Parameter MPN in Part C306 Old= New=06033C102KAT2A
Change Value of Parameter Manufacturer in Part C307 Old= New=Murata Electronics
Change Value of Parameter MPN in Part C307 Old= New=GCJ188R71E104KA12D
Change Value of Parameter Manufacturer in Part C308 Old= New=Murata Electronics
Change Value of Parameter MPN in Part C308 Old= New=GCJ188R71E104KA12D
Change Value of Parameter Manufacturer in Part R302 Old= New=YAGEO
Change Value of Parameter MPN in Part R302 Old= New=RC0603FR-071KL
