Removed Parameter Mfr:Samsung Electro-Mechanics from Part C700
Removed Parameter Mfr:Samsung Electro-Mechanics from Part C701
Removed Parameter Mfr:Samsung Electro-Mechanics from Part C702
Removed Parameter Mfr:Samsung Electro-Mechanics from Part C703
Removed Parameter Mfr:Samsung Electro-Mechanics from Part C704
Change Value of Parameter Manufacturer in Part C702 Old= New=Murata Electronics
Change Value of Parameter MPN in Part C702 Old= New=GCJ188R71E104KA12D
Change Value of Parameter Manufacturer in Part C703 Old= New=Murata Electronics
Change Value of Parameter MPN in Part C703 Old= New=GCJ188R71E104KA12D
Change Value of Parameter Manufacturer in Part C704 Old= New=Murata Electronics
Change Value of Parameter MPN in Part C704 Old= New=GCJ188R71E104KA12D
Change Value of Parameter Manufacturer in Part R700 Old= New=YAGEO
Change Value of Parameter MPN in Part R700 Old= New=AC0603FR-072K4L
Change Value of Parameter Manufacturer in Part R703 Old= New=YAGEO
Change Value of Parameter MPN in Part R703 Old= New=AC0603FR-072K4L
Change Value of Parameter Manufacturer in Part R708 Old= New=YAGEO
Change Value of Parameter MPN in Part R708 Old= New=AC0603FR-072K4L
Change Value of Parameter Manufacturer in Part R709 Old= New=YAGEO
Change Value of Parameter MPN in Part R709 Old= New=AC0603FR-072K4L
Change Value of Parameter Manufacturer in Part R711 Old= New=YAGEO
Change Value of Parameter MPN in Part R711 Old= New=AC0603FR-072K4L
