Change Value of Parameter MPN in Part C700 Old= New=GCJ188R71E103KA01J
Change Value of Parameter Manufacturer in Part R701 Old= New=YAGEO
Change Value of Parameter MPN in Part R701 Old= New=RC0603FR-075K6L
Change Value of Parameter Manufacturer in Part R702 Old= New=YAGEO
Change Value of Parameter MPN in Part R702 Old= New=RC0603FR-0710KL
Change Value of Parameter Manufacturer in Part R704 Old= New=YAGEO
Change Value of Parameter MPN in Part R704 Old= New=RC0603FR-075K6L
Change Value of Parameter Manufacturer in Part R705 Old= New=YAGEO
Change Value of Parameter MPN in Part R705 Old= New=RC0603FR-0710KL
Change Value of Parameter Manufacturer in Part R706 Old= New=YAGEO
Change Value of Parameter MPN in Part R706 Old= New=AC0603FR-076K2L
Change Value of Parameter Manufacturer in Part R707 Old= New=YAGEO
Change Value of Parameter MPN in Part R707 Old= New=RC0603FR-0710KL
Change Value of Parameter Manufacturer in Part R710 Old= New=YAGEO
Change Value of Parameter MPN in Part R710 Old= New=RC0603FR-075K6L
Change Value of Parameter Manufacturer in Part R712 Old= New=YAGEO
Change Value of Parameter MPN in Part R712 Old= New=RC0603FR-075K6L
Change Value of Parameter Manufacturer in Part R713 Old= New=YAGEO
Change Value of Parameter MPN in Part R713 Old= New=RC0603FR-075K6L
Change Value of Parameter Manufacturer in Part R714 Old= New=YAGEO
Change Value of Parameter MPN in Part R714 Old= New=RC0603FR-0710KL
Change Value of Parameter Manufacturer in Part R715 Old= New=YAGEO
Change Value of Parameter MPN in Part R715 Old= New=RC0603FR-0710KL
Change Value of Parameter Manufacturer in Part R716 Old= New=YAGEO
Change Value of Parameter MPN in Part R716 Old= New=RC0603FR-0710KL
